[debug] [2022-03-09T16:59:33.511Z] ----------------------------------------------------------------------
[debug] [2022-03-09T16:59:33.512Z] Command:       C:\Program Files\nodejs\node.exe C:\Users\kgout\AppData\Roaming\npm\node_modules\firebase-tools\lib\bin\firebase.js init
[debug] [2022-03-09T16:59:33.513Z] CLI Version:   10.2.2
[debug] [2022-03-09T16:59:33.513Z] Platform:      win32
[debug] [2022-03-09T16:59:33.513Z] Node Version:  v14.17.5
[debug] [2022-03-09T16:59:33.513Z] Time:          Wed Mar 09 2022 22:29:33 GMT+0530 (India Standard Time)
[debug] [2022-03-09T16:59:33.514Z] ----------------------------------------------------------------------
[debug] 
[debug] [2022-03-09T16:59:33.565Z] > command requires scopes: ["email","openid","https://www.googleapis.com/auth/cloudplatformprojects.readonly","https://www.googleapis.com/auth/firebase","https://www.googleapis.com/auth/cloud-platform"]
[debug] [2022-03-09T16:59:33.565Z] > authorizing via signed-in user (kgoutamsnpt@gmail.com)
[info] 
     ######## #### ########  ######## ########     ###     ######  ########
     ##        ##  ##     ## ##       ##     ##  ##   ##  ##       ##
     ######    ##  ########  ######   ########  #########  ######  ######
     ##        ##  ##    ##  ##       ##     ## ##     ##       ## ##
     ##       #### ##     ## ######## ########  ##     ##  ######  ########

You're about to initialize a Firebase project in this directory:

  E:\MyAngularLearnings\isufrontendnewadmin(mu)

Before we get started, keep in mind:

  * You are initializing within an existing Firebase project directory

[info] 
=== Project Setup
[info] 
[info] First, let's associate this project directory with a Firebase project.
[info] You can create multiple project aliases by running firebase use --add, 
[info] but for now we'll just set up a default project.
[info] 
[info] i  .firebaserc already has a default project, using iserveustaging. 
[debug] [2022-03-09T17:00:17.389Z] >>> [apiv2][query] GET https://firebase.googleapis.com/v1beta1/projects/iserveustaging [none]
[debug] [2022-03-09T17:00:18.304Z] <<< [apiv2][status] GET https://firebase.googleapis.com/v1beta1/projects/iserveustaging 403
[debug] [2022-03-09T17:00:18.304Z] <<< [apiv2][body] GET https://firebase.googleapis.com/v1beta1/projects/iserveustaging {"error":{"code":403,"message":"The caller does not have permission","status":"PERMISSION_DENIED"}}
[debug] [2022-03-09T17:00:18.304Z] HTTP Error: 403, The caller does not have permission
[debug] [2022-03-09T17:00:18.831Z] FirebaseError: HTTP Error: 403, The caller does not have permission
    at module.exports (C:\Users\kgout\AppData\Roaming\npm\node_modules\firebase-tools\lib\responseToError.js:47:12)
    at RetryOperation._fn (C:\Users\kgout\AppData\Roaming\npm\node_modules\firebase-tools\lib\apiv2.js:286:39)
    at processTicksAndRejections (internal/process/task_queues.js:95:5)
[error] 
[error] Error: Failed to get Firebase project iserveustaging. Please make sure the project exists and your account has permission to access it.
